[[36m20/05/2023 20:12:37[39m] [32minfo[39m: Server Up and running on port: [90m3002[39m
[[36m20/05/2023 20:12:38[39m] [32minfo[39m: MongoDB connected successfully!
[[36m20/05/2023 20:12:56[39m] [31merror[39m: undefined
[[36m20/05/2023 20:14:44[39m] [32minfo[39m: Server Up and running on port: [90m3002[39m
[[36m20/05/2023 20:14:44[39m] [32minfo[39m: MongoDB connected successfully!
[[36m20/05/2023 20:14:47[39m] [31merror[39m: undefined
[[36m20/05/2023 20:14:59[39m] [32minfo[39m: Server Up and running on port: [90m3002[39m
[[36m20/05/2023 20:15:00[39m] [32minfo[39m: MongoDB connected successfully!
[[36m20/05/2023 20:15:56[39m] [31merror[39m: undefined
[[36m20/05/2023 20:24:21[39m] [32minfo[39m: Server Up and running on port: [90m3002[39m
[[36m20/05/2023 20:24:21[39m] [32minfo[39m: MongoDB connected successfully!
[[36m20/05/2023 20:24:41[39m] [32minfo[39m: [35madmin[39m removed [35mJasminka[39m's break before break start
[[36m20/05/2023 20:25:05[39m] [32minfo[39m: Server Up and running on port: [90m3002[39m
[[36m20/05/2023 20:25:05[39m] [32minfo[39m: MongoDB connected successfully!
[[36m20/05/2023 20:27:18[39m] [33mwarn[39m: Logout successful for user: [35madmin[39m
[[36m20/05/2023 20:27:20[39m] [31merror[39m: Incorrect username or password
[[36m20/05/2023 20:27:24[39m] [33mwarn[39m: Login successful for user: [35madmin[39m
[[36m20/05/2023 20:27:26[39m] [32minfo[39m: [35madmin[39m updated the available slots to: [90m1[39m
[[36m20/05/2023 20:27:29[39m] [32minfo[39m: [35madmin[39m removed [35mJordi[39m's break before break start
[[36m20/05/2023 20:27:32[39m] [31merror[39m: Slots were NOT updated, same value chosen
[[36m20/05/2023 20:27:35[39m] [31merror[39m: Slots were NOT updated, same value chosen
[[36m20/05/2023 20:27:39[39m] [32minfo[39m: [35madmin[39m updated the available slots to: [90m0[39m
[[36m20/05/2023 20:27:41[39m] [32minfo[39m: [35madmin[39m updated the available slots to: [90m1[39m
[[36m20/05/2023 20:27:54[39m] [31merror[39m: Current password empty
[[36m20/05/2023 20:28:16[39m] [31merror[39m: New password empty
[[36m20/05/2023 20:28:30[39m] [31merror[39m: User validation failed: username: Path `username` is required.
[[36m20/05/2023 20:28:30[39m] [31merror[39m: User validation failed: username: Path `username` is required.
[[36m20/05/2023 20:28:43[39m] [33mwarn[39m: Username change for [35masd[39m was successful
[[36m20/05/2023 20:28:43[39m] [33mwarn[39m: Username change for [35masd[39m was successful
[[36m20/05/2023 20:29:02[39m] [33mwarn[39m: Username change for [35mNutka[39m was successful
[[36m20/05/2023 20:30:25[39m] [32minfo[39m: Server Up and running on port: [90m3002[39m
[[36m20/05/2023 20:30:25[39m] [32minfo[39m: MongoDB connected successfully!
[[36m20/05/2023 20:30:32[39m] [33mwarn[39m: Logout successful for user: [35madmin[39m
[[36m20/05/2023 20:30:36[39m] [33mwarn[39m: Login successful for user: [35mNutka[39m
[[36m20/05/2023 20:30:42[39m] [33mwarn[39m: Logout successful for user: [35mNutka[39m
[[36m20/05/2023 20:30:46[39m] [33mwarn[39m: Login successful for user: [35madmin[39m
[[36m20/05/2023 20:30:53[39m] [31merror[39m: undefined
[[36m20/05/2023 20:31:16[39m] [32minfo[39m: Server Up and running on port: [90m3002[39m
[[36m20/05/2023 20:31:16[39m] [32minfo[39m: MongoDB connected successfully!
[[36m20/05/2023 20:31:21[39m] [32minfo[39m: [34mTotal break time for all accounts has been reset[39m
[[36m20/05/2023 20:31:55[39m] [32minfo[39m: Server Up and running on port: [90m3002[39m
[[36m20/05/2023 20:31:55[39m] [32minfo[39m: MongoDB connected successfully!
[[36m20/05/2023 20:32:00[39m] [32minfo[39m: [34mTotal break time for all accounts has been reset[39m
[[36m20/05/2023 20:32:33[39m] [32minfo[39m: Server Up and running on port: [90m3002[39m
[[36m20/05/2023 20:32:33[39m] [32minfo[39m: MongoDB connected successfully!
[[36m20/05/2023 20:32:35[39m] [32minfo[39m: Server Up and running on port: [90m3002[39m
[[36m20/05/2023 20:32:35[39m] [32minfo[39m: MongoDB connected successfully!
[[36m20/05/2023 20:32:39[39m] [32minfo[39m: [34mTotal break time for all accounts has been reset[39m
[[36m20/05/2023 20:32:47[39m] [33mwarn[39m: Logout successful for user: [35madmin[39m
[[36m20/05/2023 20:32:54[39m] [33mwarn[39m: Login successful for user: [35mJordi[39m
[[36m20/05/2023 20:32:57[39m] [32minfo[39m: [35mJordi[39m submitted a break of 14 minute(s)
[[36m20/05/2023 20:32:58[39m] [32minfo[39m: [35mJordi[39m started a break of 14 minute(s)
[[36m20/05/2023 20:33:05[39m] [33mwarn[39m: Logout successful for user: [35mJordi[39m
[[36m20/05/2023 20:33:09[39m] [33mwarn[39m: Login successful for user: [35mNutka[39m
[[36m20/05/2023 20:33:12[39m] [32minfo[39m: [35mNutka[39m submitted a break of 15 minute(s) and added to the queue
[[36m20/05/2023 20:33:16[39m] [33mwarn[39m: Logout successful for user: [35mNutka[39m
[[36m20/05/2023 20:33:20[39m] [31merror[39m: Incorrect username or password
[[36m20/05/2023 20:33:24[39m] [33mwarn[39m: Login successful for user: [35madmin[39m
[[36m20/05/2023 20:33:31[39m] [33mwarn[39m: Break time change for [35mAsha[39m was successful
[[36m20/05/2023 20:33:42[39m] [33mwarn[39m: Password change for [35mAsha[39m was successful
[[36m20/05/2023 20:33:45[39m] [33mwarn[39m: Logout successful for user: [35madmin[39m
[[36m20/05/2023 20:33:49[39m] [33mwarn[39m: Login successful for user: [35mAsha[39m
[[36m20/05/2023 20:33:51[39m] [32minfo[39m: Not enough
[[36m20/05/2023 20:33:57[39m] [32minfo[39m: [35mAsha[39m submitted a break of 1 minute(s) and added to the queue
[[36m20/05/2023 20:33:59[39m] [33mwarn[39m: Logout successful for user: [35mAsha[39m
[[36m20/05/2023 20:34:03[39m] [33mwarn[39m: Login successful for user: [35madmin[39m
[[36m20/05/2023 20:34:18[39m] [33mwarn[39m: Username change for [35mAçai[39m was successful
[[36m20/05/2023 20:34:22[39m] [33mwarn[39m: [35madmin[39m updated [35mAçai[39m's role to [90madmin[39m
[[36m20/05/2023 20:34:25[39m] [33mwarn[39m: Logout successful for user: [35madmin[39m
[[36m20/05/2023 20:34:30[39m] [33mwarn[39m: Login successful for user: [35mAçai[39m
[[36m20/05/2023 20:34:47[39m] [33mwarn[39m: [35mAçai[39m updated [35mAçai[39m's role to [90muser[39m
[[36m20/05/2023 20:34:50[39m] [33mwarn[39m: Logout successful for user: [35mAçai[39m
[[36m20/05/2023 20:34:53[39m] [33mwarn[39m: Login successful for user: [35madmin[39m
[[36m20/05/2023 20:35:10[39m] [33mwarn[39m: Login successful for user: [35mJasminka[39m
[[36m20/05/2023 20:35:57[39m] [32minfo[39m: Server Up and running on port: [90m3002[39m
[[36m20/05/2023 20:35:58[39m] [32minfo[39m: MongoDB connected successfully!
[[36m20/05/2023 21:29:05[39m] [32minfo[39m: Server Up and running on port: [90m3002[39m
[[36m20/05/2023 21:29:06[39m] [32minfo[39m: MongoDB connected successfully!
[[36m20/05/2023 21:48:59[39m] [32minfo[39m: Server Up and running on port: [90m3002[39m
[[36m20/05/2023 21:49:00[39m] [32minfo[39m: MongoDB connected successfully!
[[36m20/05/2023 22:00:00[39m] [32minfo[39m: [34mTotal break time for all accounts has been reset[39m
[[36m20/05/2023 22:33:08[39m] [33mwarn[39m: Logout successful for user: [35madmin[39m
[[36m20/05/2023 22:33:11[39m] [33mwarn[39m: Login successful for user: [35madmin[39m
[[36m20/05/2023 22:33:21[39m] [33mwarn[39m: Logout successful for user: [35madmin[39m
[[36m20/05/2023 22:33:22[39m] [31merror[39m: Incorrect username or password
[[36m20/05/2023 22:33:25[39m] [33mwarn[39m: Login successful for user: [35madmin[39m
[[36m20/05/2023 22:34:21[39m] [33mwarn[39m: Logout successful for user: [35mJasminka[39m
[[36m20/05/2023 22:34:24[39m] [31merror[39m: Incorrect username or password
[[36m20/05/2023 22:34:42[39m] [31merror[39m: Incorrect username or password
[[36m20/05/2023 23:02:47[39m] [31merror[39m: Invalid break time value
[[36m20/05/2023 23:02:47[39m] [31merror[39m: Invalid break time value
[[36m20/05/2023 23:02:47[39m] [31merror[39m: Invalid break time value
[[36m20/05/2023 23:02:51[39m] [31merror[39m: New password empty
[[36m20/05/2023 23:02:51[39m] [31merror[39m: New password empty
[[36m20/05/2023 23:02:51[39m] [31merror[39m: New password empty
[[36m20/05/2023 23:03:00[39m] [31merror[39m: E11000 duplicate key error collection: 641ec9fd4a73cc09102567f3_BREAK_TRACKER.users index: username_1 dup key: { username: "Diana" }
[[36m20/05/2023 23:03:00[39m] [31merror[39m: E11000 duplicate key error collection: 641ec9fd4a73cc09102567f3_BREAK_TRACKER.users index: username_1 dup key: { username: "Diana" }
[[36m20/05/2023 23:03:23[39m] [32minfo[39m: [35madmin[39m updated the available slots to: [90m2[39m
[[36m20/05/2023 23:03:28[39m] [32minfo[39m: [35madmin[39m removed [35mNutka[39m's break before break start
[[36m20/05/2023 23:04:39[39m] [33mwarn[39m: Logout successful for user: [35madmin[39m
[[36m20/05/2023 23:04:42[39m] [31merror[39m: Incorrect username or password
[[36m20/05/2023 23:04:46[39m] [33mwarn[39m: Login successful for user: [35mJasminka[39m
[[36m20/05/2023 23:04:55[39m] [32minfo[39m: [35mJasminka[39m submitted a break of 14 minute(s) and added to the queue
[[36m20/05/2023 23:05:02[39m] [33mwarn[39m: Logout successful for user: [35mJasminka[39m
[[36m20/05/2023 23:05:04[39m] [31merror[39m: Incorrect username or password
[[36m20/05/2023 23:05:18[39m] [33mwarn[39m: Login successful for user: [35madmin[39m
[[36m20/05/2023 23:05:21[39m] [32minfo[39m: [35madmin[39m updated the available slots to: [90m1[39m
[[36m20/05/2023 23:05:32[39m] [32minfo[39m: [35madmin[39m updated the available slots to: [90m2[39m
[[36m20/05/2023 23:05:37[39m] [31merror[39m: Error removing the break:  Cannot read properties of null (reading 'username')
[[36m20/05/2023 23:05:41[39m] [32minfo[39m: [35madmin[39m updated the available slots to: [90m1[39m
[[36m20/05/2023 23:17:13[39m] [32minfo[39m: [35madmin[39m updated the available slots to: [90m2[39m
[[36m20/05/2023 23:17:15[39m] [32minfo[39m: [35madmin[39m removed [35mJasminka[39m's break before break start
[[36m20/05/2023 23:45:44[39m] [31merror[39m: Current password empty
[[36m20/05/2023 23:46:07[39m] [31merror[39m: Invalid break time value
[[36m20/05/2023 23:46:10[39m] [31merror[39m: New password empty
[[36m20/05/2023 23:46:19[39m] [31merror[39m: User validation failed: username: Path `username` is required.
[[36m20/05/2023 23:46:36[39m] [32minfo[39m: [35madmin[39m updated the available slots to: [90m1[39m
[[36m20/05/2023 23:50:34[39m] [33mwarn[39m: Logout successful for user: [35madmin[39m
[[36m20/05/2023 23:50:36[39m] [31merror[39m: Incorrect username or password
[[36m20/05/2023 23:50:40[39m] [33mwarn[39m: Login successful for user: [35mJordi[39m
[[36m20/05/2023 23:50:44[39m] [32minfo[39m: [35mJordi[39m removed [35mJordi[39m's break after break end
[[36m20/05/2023 23:50:46[39m] [32minfo[39m: [35mJordi[39m submitted a break of 15 minute(s)
[[36m20/05/2023 23:50:48[39m] [32minfo[39m: [35mJordi[39m started a break of 15 minute(s)
[[36m20/05/2023 23:50:51[39m] [33mwarn[39m: Logout successful for user: [35mJordi[39m
[[36m20/05/2023 23:50:58[39m] [33mwarn[39m: Login successful for user: [35mJasminka[39m
[[36m20/05/2023 23:51:01[39m] [32minfo[39m: [35mJasminka[39m submitted a break of 14 minute(s) and added to the queue
[[36m20/05/2023 23:51:04[39m] [33mwarn[39m: Logout successful for user: [35mJasminka[39m
[[36m20/05/2023 23:51:10[39m] [33mwarn[39m: Login successful for user: [35mHarambe[39m
[[36m20/05/2023 23:51:13[39m] [32minfo[39m: [35mHarambe[39m submitted a break of 14 minute(s) and added to the queue
[[36m20/05/2023 23:51:53[39m] [33mwarn[39m: Logout successful for user: [35mHarambe[39m
[[36m20/05/2023 23:51:57[39m] [31merror[39m: Incorrect username or password
[[36m20/05/2023 23:52:00[39m] [33mwarn[39m: Login successful for user: [35madmin[39m
[[36m20/05/2023 23:52:31[39m] [33mwarn[39m: Login successful for user: [35mHarambe[39m
